<?xml version="1.0" encoding="UTF-8"?>
<!-- Generated by org.testng.reporters.JUnitReportReporter -->
<testsuite skipped="0" hostname="A-PC" name="com.cucumbertest.runner.RunnerTest" tests="11" failures="0" timestamp="2022-03-15T21:50:36 IST" time="4.649" errors="3">
  <testcase name="runScenario" time="0.061" classname="com.cucumbertest.runner.RunnerTest"/>
  <system-out/>
  <testcase name="runScenario" time="0.173" classname="com.cucumbertest.runner.RunnerTest"/>
  <system-out/>
  <testcase name="runScenario" time="0.068" classname="com.cucumbertest.runner.RunnerTest"/>
  <system-out/>
  <testcase name="runScenario" time="0.030" classname="com.cucumbertest.runner.RunnerTest"/>
  <system-out/>
  <testcase name="runScenario" time="0.013" classname="com.cucumbertest.runner.RunnerTest"/>
  <system-out/>
  <testcase name="runScenario" time="0.085" classname="com.cucumbertest.runner.RunnerTest">
    <error type="io.cucumber.testng.UndefinedStepException" message="The step &#039;I have 7 and 5&#039; is undefined.
You can implement this step using the snippet(s) below:

@Given(&quot;I have {int} and {int}&quot;)
public void i_have_and(Integer int1, Integer int2) {
    // Write code here that turns the phrase above into concrete actions
    throw new io.cucumber.java.PendingException();
}
">
      <![CDATA[io.cucumber.testng.UndefinedStepException: The step 'I have 7 and 5' is undefined.
You can implement this step using the snippet(s) below:

@Given("I have {int} and {int}")
public void i_have_and(Integer int1, Integer int2) {
    // Write code here that turns the phrase above into concrete actions
    throw new io.cucumber.java.PendingException();
}

at io.cucumber.core.runtime.TestCaseResultObserver.assertTestCasePassed(TestCaseResultObserver.java:69)
at io.cucumber.testng.TestCaseResultObserver.assertTestCasePassed(TestCaseResultObserver.java:23)
at io.cucumber.testng.TestNGCucumberRunner.lambda$runScenario$1(TestNGCucumberRunner.java:135)
at io.cucumber.core.runtime.CucumberExecutionContext.runTestCase(CucumberExecutionContext.java:117)
at io.cucumber.testng.TestNGCucumberRunner.runScenario(TestNGCucumberRunner.java:131)
at io.cucumber.testng.AbstractTestNGCucumberTests.runScenario(AbstractTestNGCucumberTests.java:31)
at sun.reflect.NativeMethodAccessorImpl.invoke0(Native Method)
at sun.reflect.NativeMethodAccessorImpl.invoke(NativeMethodAccessorImpl.java:62)
at sun.reflect.DelegatingMethodAccessorImpl.invoke(DelegatingMethodAccessorImpl.java:43)
at java.lang.reflect.Method.invoke(Method.java:498)
at org.testng.internal.MethodInvocationHelper.invokeMethod(MethodInvocationHelper.java:133)
at org.testng.internal.TestInvoker.invokeMethod(TestInvoker.java:598)
at org.testng.internal.TestInvoker.invokeTestMethod(TestInvoker.java:173)
at org.testng.internal.MethodRunner.runInSequence(MethodRunner.java:46)
at org.testng.internal.TestInvoker$MethodInvocationAgent.invoke(TestInvoker.java:824)
at org.testng.internal.TestInvoker.invokeTestMethods(TestInvoker.java:146)
at org.testng.internal.TestMethodWorker.invokeTestMethods(TestMethodWorker.java:146)
at org.testng.internal.TestMethodWorker.run(TestMethodWorker.java:128)
at java.util.ArrayList.forEach(ArrayList.java:1259)
at org.testng.TestRunner.privateRun(TestRunner.java:794)
at org.testng.TestRunner.run(TestRunner.java:596)
at org.testng.SuiteRunner.runTest(SuiteRunner.java:377)
at org.testng.SuiteRunner.runSequentially(SuiteRunner.java:371)
at org.testng.SuiteRunner.privateRun(SuiteRunner.java:332)
at org.testng.SuiteRunner.run(SuiteRunner.java:276)
at org.testng.SuiteRunnerWorker.runSuite(SuiteRunnerWorker.java:53)
at org.testng.SuiteRunnerWorker.run(SuiteRunnerWorker.java:96)
at org.testng.TestNG.runSuitesSequentially(TestNG.java:1212)
at org.testng.TestNG.runSuitesLocally(TestNG.java:1134)
at org.testng.TestNG.runSuites(TestNG.java:1063)
at org.testng.TestNG.run(TestNG.java:1031)
at org.apache.maven.surefire.testng.TestNGExecutor.run(TestNGExecutor.java:135)
at org.apache.maven.surefire.testng.TestNGDirectoryTestSuite.executeMulti(TestNGDirectoryTestSuite.java:193)
at org.apache.maven.surefire.testng.TestNGDirectoryTestSuite.execute(TestNGDirectoryTestSuite.java:94)
at org.apache.maven.surefire.testng.TestNGProvider.invoke(TestNGProvider.java:146)
at org.apache.maven.surefire.booter.ForkedBooter.invokeProviderInSameClassLoader(ForkedBooter.java:384)
at org.apache.maven.surefire.booter.ForkedBooter.runSuitesInProcess(ForkedBooter.java:345)
at org.apache.maven.surefire.booter.ForkedBooter.execute(ForkedBooter.java:126)
at org.apache.maven.surefire.booter.ForkedBooter.main(ForkedBooter.java:418)
]]>
    </error>
  </testcase> <!-- runScenario -->
  <system-out/>
  <testcase name="runScenario" time="0.032" classname="com.cucumbertest.runner.RunnerTest">
    <error type="java.lang.NullPointerException">
      <![CDATA[java.lang.NullPointerException
at com.resonance.pages.HomePage.getTitle(HomePage.java:36)
at com.resonance.stepdefinitions.HomePageSteps.verifyTitle(HomePageSteps.java:30)
at ✽.Verify title of ijmeet home page is "IJmeet"(file:///C:/Program%20Files/eclipse-%20workspace/Resonance/src/test/resources/Features/Homepage.feature:8)
]]>
    </error>
  </testcase> <!-- runScenario -->
  <system-out/>
  <testcase name="runScenario" time="0.136" classname="com.cucumbertest.runner.RunnerTest"/>
  <system-out/>
  <testcase name="runScenario" time="0.068" classname="com.cucumbertest.runner.RunnerTest"/>
  <system-out/>
  <testcase name="runScenario" time="0.754" classname="com.cucumbertest.runner.RunnerTest">
    <error type="java.lang.NullPointerException">
      <![CDATA[java.lang.NullPointerException
at org.openqa.selenium.support.pagefactory.DefaultElementLocator.findElement(DefaultElementLocator.java:70)
at org.openqa.selenium.support.pagefactory.internal.LocatingElementHandler.invoke(LocatingElementHandler.java:39)
at com.sun.proxy.$Proxy17.click(Unknown Source)
at com.resonance.pages.HomePage.clickOnJoinMeeting(HomePage.java:21)
at com.resonance.stepdefinitions.HomePageSteps.clickOnJoinMeeting(HomePageSteps.java:16)
at ✽.User click on Join Meeting from homepage(file:///C:/Program%20Files/eclipse-%20workspace/Resonance/src/test/resources/Features/Homepage.feature:4)
]]>
    </error>
  </testcase> <!-- runScenario -->
  <system-out/>
  <testcase name="runScenario" time="3.229" classname="com.cucumbertest.runner.RunnerTest"/>
  <system-out/>
</testsuite> <!-- com.cucumbertest.runner.RunnerTest -->
